<?xml version="1.0" encoding="utf-8"?><testsuites><testsuite name="pytest" errors="0" failures="1" skipped="0" tests="1" time="5.273" timestamp="2024-02-16T19:55:13.498658" hostname="YI1003966LT"><testcase classname="ingestion.patterns.az_sql_bulk.tests.test_az_sql_bulk_functional" name="test_e2e_run_az_sql_bulk_ingestion" time="3.204"><failure message="azure.core.exceptions.HttpResponseError: (AuthorizationFailed) The client '5fa026ae-2d58-4d30-b258-4efd21dd721d' with object id '5fa026ae-2d58-4d30-b258-4efd21dd721d' does not have authorization to perform action 'Microsoft.DataFactory/factories/pipelines/read' over scope '/subscriptions/92a36cd6-9924-4b8a-b666-b30ef0beab16/resourceGroups/mnus-rg-dev-cptgbatch-001/providers/Microsoft.DataFactory/factories/meus-adf-dev-cptgbatch-004/pipelines/az_sql_adls_ingestion_bulk' or the scope is invalid. If access was recently granted, please refresh your credentials.&#10;Code: AuthorizationFailed&#10;Message: The client '5fa026ae-2d58-4d30-b258-4efd21dd721d' with object id '5fa026ae-2d58-4d30-b258-4efd21dd721d' does not have authorization to perform action 'Microsoft.DataFactory/factories/pipelines/read' over scope '/subscriptions/92a36cd6-9924-4b8a-b666-b30ef0beab16/resourceGroups/mnus-rg-dev-cptgbatch-001/providers/Microsoft.DataFactory/factories/meus-adf-dev-cptgbatch-004/pipelines/az_sql_adls_ingestion_bulk' or the scope is invalid. If access was recently granted, please refresh your credentials.">adf_client = &lt;yash.core.azure.data.engineering.helpers.adf_client.ADFClient object at 0x000002D0EA4D2510&gt;
settings = &lt;yash.core.azure.data.engineering.helpers.settings_helper.SettingsHelper object at 0x000002D0EA4D24D0&gt;

    def test_e2e_run_az_sql_bulk_ingestion(adf_client, settings):
        # Run the pipeline with default parameters &amp; assert pipeline run is successful # noqa
&gt;       pipeline_result, run_id = adf_client.run_pipeline(settings.test_config)

ingestion\patterns\az_sql_bulk\tests\test_az_sql_bulk_functional.py:9: 
_ _ _ _ _ _ _ _ _ _ _ _ _ _ _ _ _ _ _ _ _ _ _ _ _ _ _ _ _ _ _ _ _ _ _ _ _ _ _ _ _ _ _ _ _ _ _ _ _ _ _ _ _ _ _ _ _ _ _ _ _ _ _ _ _ _ _ _ _ _ _ _ _ _
src\yash\core\azure\data\engineering\helpers\adf_client.py:78: in run_pipeline
    final_state, run_id = self._run_pipeline(parameters)
src\yash\core\azure\data\engineering\helpers\adf_client.py:53: in _run_pipeline
    default_pipeline_parameters = self._get_pipeline_default_parameters()
src\yash\core\azure\data\engineering\helpers\adf_client.py:46: in _get_pipeline_default_parameters
    pipeline = self.adf_client.pipelines.get(self.rg_name, self.df_name, self.pipeline_name)
.nox\test_functional\Lib\site-packages\azure\core\tracing\decorator.py:78: in wrapper_use_tracer
    return func(*args, **kwargs)
_ _ _ _ _ _ _ _ _ _ _ _ _ _ _ _ _ _ _ _ _ _ _ _ _ _ _ _ _ _ _ _ _ _ _ _ _ _ _ _ _ _ _ _ _ _ _ _ _ _ _ _ _ _ _ _ _ _ _ _ _ _ _ _ _ _ _ _ _ _ _ _ _ _

self = &lt;azure.mgmt.datafactory.operations._pipelines_operations.PipelinesOperations object at 0x000002D0EA4F2A50&gt;
resource_group_name = 'mnus-rg-dev-cptgbatch-001', factory_name = 'meus-adf-dev-cptgbatch-004', pipeline_name = 'az_sql_adls_ingestion_bulk'
if_none_match = None, kwargs = {}
error_map = {304: &lt;class 'azure.core.exceptions.ResourceNotModifiedError'&gt;, 401: &lt;class 'azure.core.exceptions.ClientAuthenticatio..., 404: &lt;class 'azure.core.exceptions.ResourceNotFoundError'&gt;, 409: &lt;class 'azure.core.exceptions.ResourceExistsError'&gt;}
_headers = {}, _params = {}, api_version = '2018-06-01', cls = None
request = &lt;HttpRequest [GET], url: 'https://management.azure.com/subscriptions/92a36cd6-9924-4b8a-b666-b30ef0beab16/resourceGrou...icrosoft.DataFactory/factories/meus-adf-dev-cptgbatch-004/pipelines/az_sql_adls_ingestion_bulk?api-version=2018-06-01'&gt;
pipeline_response = &lt;azure.core.pipeline.PipelineResponse object at 0x000002D0EA4F1A50&gt;

    @distributed_trace
    def get(
        self,
        resource_group_name: str,
        factory_name: str,
        pipeline_name: str,
        if_none_match: Optional[str] = None,
        **kwargs: Any
    ) -&gt; Optional[_models.PipelineResource]:
        """Gets a pipeline.
    
        :param resource_group_name: The resource group name. Required.
        :type resource_group_name: str
        :param factory_name: The factory name. Required.
        :type factory_name: str
        :param pipeline_name: The pipeline name. Required.
        :type pipeline_name: str
        :param if_none_match: ETag of the pipeline entity. Should only be specified for get. If the
         ETag matches the existing entity tag, or if * was provided, then no content will be returned.
         Default value is None.
        :type if_none_match: str
        :keyword callable cls: A custom type or function that will be passed the direct response
        :return: PipelineResource or None or the result of cls(response)
        :rtype: ~azure.mgmt.datafactory.models.PipelineResource or None
        :raises ~azure.core.exceptions.HttpResponseError:
        """
        error_map = {
            401: ClientAuthenticationError,
            404: ResourceNotFoundError,
            409: ResourceExistsError,
            304: ResourceNotModifiedError,
        }
        error_map.update(kwargs.pop("error_map", {}) or {})
    
        _headers = kwargs.pop("headers", {}) or {}
        _params = case_insensitive_dict(kwargs.pop("params", {}) or {})
    
        api_version: Literal["2018-06-01"] = kwargs.pop(
            "api_version", _params.pop("api-version", self._config.api_version)
        )
        cls: ClsType[Optional[_models.PipelineResource]] = kwargs.pop("cls", None)
    
        request = build_get_request(
            resource_group_name=resource_group_name,
            factory_name=factory_name,
            pipeline_name=pipeline_name,
            subscription_id=self._config.subscription_id,
            if_none_match=if_none_match,
            api_version=api_version,
            template_url=self.get.metadata["url"],
            headers=_headers,
            params=_params,
        )
        request = _convert_request(request)
        request.url = self._client.format_url(request.url)
    
        pipeline_response: PipelineResponse = self._client._pipeline.run(  # pylint: disable=protected-access
            request, stream=False, **kwargs
        )
    
        response = pipeline_response.http_response
    
        if response.status_code not in [200, 304]:
            map_error(status_code=response.status_code, response=response, error_map=error_map)
&gt;           raise HttpResponseError(response=response, error_format=ARMErrorFormat)
E           azure.core.exceptions.HttpResponseError: (AuthorizationFailed) The client '5fa026ae-2d58-4d30-b258-4efd21dd721d' with object id '5fa026ae-2d58-4d30-b258-4efd21dd721d' does not have authorization to perform action 'Microsoft.DataFactory/factories/pipelines/read' over scope '/subscriptions/92a36cd6-9924-4b8a-b666-b30ef0beab16/resourceGroups/mnus-rg-dev-cptgbatch-001/providers/Microsoft.DataFactory/factories/meus-adf-dev-cptgbatch-004/pipelines/az_sql_adls_ingestion_bulk' or the scope is invalid. If access was recently granted, please refresh your credentials.
E           Code: AuthorizationFailed
E           Message: The client '5fa026ae-2d58-4d30-b258-4efd21dd721d' with object id '5fa026ae-2d58-4d30-b258-4efd21dd721d' does not have authorization to perform action 'Microsoft.DataFactory/factories/pipelines/read' over scope '/subscriptions/92a36cd6-9924-4b8a-b666-b30ef0beab16/resourceGroups/mnus-rg-dev-cptgbatch-001/providers/Microsoft.DataFactory/factories/meus-adf-dev-cptgbatch-004/pipelines/az_sql_adls_ingestion_bulk' or the scope is invalid. If access was recently granted, please refresh your credentials.

.nox\test_functional\Lib\site-packages\azure\mgmt\datafactory\operations\_pipelines_operations.py:659: HttpResponseError</failure></testcase></testsuite></testsuites>